<?xml version="1.0" encoding="UTF-8"?>
<!-- Generated by org.testng.reporters.JUnitXMLReporter -->
<testsuite ignored="0" hostname="DESKTOP-QUG0UKC" failures="1" tests="5" name="test1" time="3.687" errors="0" timestamp="2024-08-17T12:23:24 IST">
  <testcase classname="TestNG_Tutorial.Assertions" name="OpenBrowser" time="1.602"/>
  <testcase classname="TestNG_Tutorial.Assertions" name="CloseBrowser" time="0.326"/>
  <testcase classname="TestNG_Tutorial.SoftAssertion" name="openBrowser" time="1.071"/>
  <testcase classname="TestNG_Tutorial.SoftAssertion" name="SoftAssertionEx" time="0.062">
    <failure type="java.lang.AssertionError" message="The following asserts failed:
	expected [Swag Labss] but found [Swag Labs],
	expected [Swagg Labs] but found [Swag Labs]">
      <![CDATA[java.lang.AssertionError: The following asserts failed:
expected [Swag Labss] but found [Swag Labs],
expected [Swagg Labs] but found [Swag Labs]
at TestNG_Tutorial.SoftAssertion.SoftAssertionEx(SoftAssertion.java:34)
at java.base/java.util.ArrayList.forEach(ArrayList.java:1596)
... Removed 27 stack frames]]>
    </failure>
  </testcase> <!-- SoftAssertionEx -->
  <testcase classname="TestNG_Tutorial.SoftAssertion" name="closeBrowser" time="0.497"/>
</testsuite> <!-- test1 -->
